<?xml version="1.0" encoding="UTF-8"?>
<testsuite xmlns:xsi="http://www.w3.org/2001/XMLSchema-instance" xsi:noNamespaceSchemaLocation="https://maven.apache.org/surefire/maven-surefire-plugin/xsd/surefire-test-report.xsd" version="3.0.2" name="com.example.demo.DemoApplicationTests" time="1.359" tests="1" errors="0" skipped="0" failures="0">
  <properties>
[...]
</properties>
  <testcase name="contextLoads" classname="com.example.demo.DemoApplicationTests" time="0.395">
    <system-out><![CDATA[11:56:12.878 [main] INFO org.springframework.test.context.support.AnnotationConfigContextLoaderUtils -- Could not detect default configuration classes for test class [com.example.demo.DemoApplicationTests]: DemoApplicationTests does not declare any static, non-private, non-final, nested classes annotated with @Configuration.
11:56:12.926 [main] INFO org.springframework.boot.test.context.SpringBootTestContextBootstrapper -- Found @SpringBootConfiguration com.example.demo.Neo4j_Demo for test class com.example.demo.DemoApplicationTests
11:56:12.995 [main] INFO org.springframework.boot.devtools.restart.RestartApplicationListener -- Restart disabled due to context in which it is running

  .   ____          _            __ _ _
 /\\ / ___'_ __ _ _(_)_ __  __ _ \ \ \ \
( ( )\___ | '_ | '_| | '_ \/ _` | \ \ \ \
 \\/  ___)| |_)| | | | | || (_| |  ) ) ) )
  '  |____| .__|_| |_|_| |_\__, | / / / /
 =========|_|==============|___/=/_/_/_/

 :: Spring Boot ::                (v3.5.6)

2025-10-03T11:56:13.136+01:00  INFO 45327 --- [           main] com.example.demo.DemoApplicationTests    : Starting DemoApplicationTests using Java 21.0.7 with PID 45327 (started by chriswebster in /Users/chriswebster/Development/Java/neo4jdev/neo4j_demo)
2025-10-03T11:56:13.136+01:00 DEBUG 45327 --- [           main] com.example.demo.DemoApplicationTests    : Running with Spring Boot v3.5.6, Spring v6.2.11
2025-10-03T11:56:13.136+01:00  INFO 45327 --- [           main] com.example.demo.DemoApplicationTests    : The following 1 profile is active: "test"
2025-10-03T11:56:13.292+01:00  INFO 45327 --- [           main] .s.d.r.c.RepositoryConfigurationDelegate : Bootstrapping Spring Data Neo4j repositories in DEFAULT mode.
2025-10-03T11:56:13.301+01:00  INFO 45327 --- [           main] .s.d.r.c.RepositoryConfigurationDelegate : Finished Spring Data repository scanning in 5 ms. Found 0 Neo4j repository interfaces.
2025-10-03T11:56:13.304+01:00  INFO 45327 --- [           main] .s.d.r.c.RepositoryConfigurationDelegate : Bootstrapping Spring Data Neo4j repositories in DEFAULT mode.
2025-10-03T11:56:13.306+01:00  INFO 45327 --- [           main] .s.d.r.c.RepositoryConfigurationDelegate : Finished Spring Data repository scanning in 0 ms. Found 0 Neo4j repository interfaces.
2025-10-03T11:56:13.496+01:00  INFO 45327 --- [           main] o.neo4j.driver.internal.DriverFactory    : Direct driver instance 2017603323 created for server address localhost:7687
2025-10-03T11:56:13.611+01:00  INFO 45327 --- [           main] com.example.demo.DemoApplicationTests    : Started DemoApplicationTests in 0.62 seconds (process running for 1.04)
2025-10-03T11:56:13.640+01:00 DEBUG 45327 --- [           main] o.n.d.io.netty.channel.DefaultChannelId  : -Dio.netty.processId: 45327 (auto-detected)
2025-10-03T11:56:13.642+01:00 DEBUG 45327 --- [           main] org.neo4j.driver.io.netty.util.NetUtil   : -Djava.net.preferIPv4Stack: false
2025-10-03T11:56:13.642+01:00 DEBUG 45327 --- [           main] org.neo4j.driver.io.netty.util.NetUtil   : -Djava.net.preferIPv6Addresses: false
2025-10-03T11:56:13.645+01:00 DEBUG 45327 --- [           main] o.n.d.i.n.util.NetUtilInitializations    : Loopback interface: lo0 (lo0, 0:0:0:0:0:0:0:1%lo0)
2025-10-03T11:56:13.645+01:00 DEBUG 45327 --- [           main] org.neo4j.driver.io.netty.util.NetUtil   : Failed to get SOMAXCONN from sysctl and file /proc/sys/net/core/somaxconn. Default: 128
2025-10-03T11:56:13.646+01:00 DEBUG 45327 --- [           main] o.n.d.io.netty.channel.DefaultChannelId  : -Dio.netty.machineId: 26:fa:b9:ff:fe:63:b6:46 (auto-detected)
2025-10-03T11:56:13.650+01:00 DEBUG 45327 --- [           main] o.n.d.i.netty.util.ResourceLeakDetector  : -Dio.netty.leakDetection.level: simple
2025-10-03T11:56:13.650+01:00 DEBUG 45327 --- [           main] o.n.d.i.netty.util.ResourceLeakDetector  : -Dio.netty.leakDetection.targetRecords: 4
2025-10-03T11:56:13.661+01:00 DEBUG 45327 --- [           main] o.n.d.i.n.buffer.PooledByteBufAllocator  : -Dio.netty.allocator.numHeapArenas: 16
2025-10-03T11:56:13.661+01:00 DEBUG 45327 --- [           main] o.n.d.i.n.buffer.PooledByteBufAllocator  : -Dio.netty.allocator.numDirectArenas: 16
2025-10-03T11:56:13.661+01:00 DEBUG 45327 --- [           main] o.n.d.i.n.buffer.PooledByteBufAllocator  : -Dio.netty.allocator.pageSize: 8192
2025-10-03T11:56:13.661+01:00 DEBUG 45327 --- [           main] o.n.d.i.n.buffer.PooledByteBufAllocator  : -Dio.netty.allocator.maxOrder: 9
2025-10-03T11:56:13.661+01:00 DEBUG 45327 --- [           main] o.n.d.i.n.buffer.PooledByteBufAllocator  : -Dio.netty.allocator.chunkSize: 4194304
2025-10-03T11:56:13.661+01:00 DEBUG 45327 --- [           main] o.n.d.i.n.buffer.PooledByteBufAllocator  : -Dio.netty.allocator.smallCacheSize: 256
2025-10-03T11:56:13.661+01:00 DEBUG 45327 --- [           main] o.n.d.i.n.buffer.PooledByteBufAllocator  : -Dio.netty.allocator.normalCacheSize: 64
2025-10-03T11:56:13.661+01:00 DEBUG 45327 --- [           main] o.n.d.i.n.buffer.PooledByteBufAllocator  : -Dio.netty.allocator.maxCachedBufferCapacity: 32768
2025-10-03T11:56:13.661+01:00 DEBUG 45327 --- [           main] o.n.d.i.n.buffer.PooledByteBufAllocator  : -Dio.netty.allocator.cacheTrimInterval: 8192
2025-10-03T11:56:13.661+01:00 DEBUG 45327 --- [           main] o.n.d.i.n.buffer.PooledByteBufAllocator  : -Dio.netty.allocator.cacheTrimIntervalMillis: 0
2025-10-03T11:56:13.661+01:00 DEBUG 45327 --- [           main] o.n.d.i.n.buffer.PooledByteBufAllocator  : -Dio.netty.allocator.useCacheForAllThreads: false
2025-10-03T11:56:13.661+01:00 DEBUG 45327 --- [           main] o.n.d.i.n.buffer.PooledByteBufAllocator  : -Dio.netty.allocator.maxCachedByteBuffersPerChunk: 1023
2025-10-03T11:56:13.661+01:00 DEBUG 45327 --- [           main] o.n.d.i.n.buffer.PooledByteBufAllocator  : -Dio.netty.allocator.disableCacheFinalizersForFastThreadLocalThreads: false
2025-10-03T11:56:13.665+01:00 DEBUG 45327 --- [           main] o.n.driver.io.netty.buffer.ByteBufUtil   : -Dio.netty.allocator.type: pooled
2025-10-03T11:56:13.665+01:00 DEBUG 45327 --- [           main] o.n.driver.io.netty.buffer.ByteBufUtil   : -Dio.netty.threadLocalDirectBufferSize: 0
2025-10-03T11:56:13.665+01:00 DEBUG 45327 --- [           main] o.n.driver.io.netty.buffer.ByteBufUtil   : -Dio.netty.maxThreadLocalCharBufferSize: 16384
2025-10-03T11:56:13.668+01:00 DEBUG 45327 --- [           main] o.n.d.i.n.b.ChannelInitializerExtensions : -Dio.netty.bootstrap.extensions: null
2025-10-03T11:56:13.703+01:00 DEBUG 45327 --- [o4jDriverIO-2-1] o.n.d.io.netty.buffer.AbstractByteBuf    : -Dio.netty.buffer.checkAccessible: true
2025-10-03T11:56:13.703+01:00 DEBUG 45327 --- [o4jDriverIO-2-1] o.n.d.io.netty.buffer.AbstractByteBuf    : -Dio.netty.buffer.checkBounds: true
2025-10-03T11:56:13.703+01:00 DEBUG 45327 --- [o4jDriverIO-2-1] o.n.d.i.n.u.ResourceLeakDetectorFactory  : Loaded default ResourceLeakDetector: io.netty.util.ResourceLeakDetector@6af10107
2025-10-03T11:56:13.705+01:00 DEBUG 45327 --- [o4jDriverIO-2-1] o.n.b.c.n.i.a.c.ChannelConnectedListener : [0x4a251097][localhost:7687][] C: [Bolt Handshake] [0x6060b017, 511, 526341, 132100, 3]
2025-10-03T11:56:13.707+01:00 DEBUG 45327 --- [o4jDriverIO-2-1] o.neo4j.driver.io.netty.util.Recycler    : -Dio.netty.recycler.maxCapacityPerThread: 4096
2025-10-03T11:56:13.707+01:00 DEBUG 45327 --- [o4jDriverIO-2-1] o.neo4j.driver.io.netty.util.Recycler    : -Dio.netty.recycler.ratio: 8
2025-10-03T11:56:13.707+01:00 DEBUG 45327 --- [o4jDriverIO-2-1] o.neo4j.driver.io.netty.util.Recycler    : -Dio.netty.recycler.chunkSize: 32
2025-10-03T11:56:13.707+01:00 DEBUG 45327 --- [o4jDriverIO-2-1] o.neo4j.driver.io.netty.util.Recycler    : -Dio.netty.recycler.blocking: false
2025-10-03T11:56:13.707+01:00 DEBUG 45327 --- [o4jDriverIO-2-1] o.neo4j.driver.io.netty.util.Recycler    : -Dio.netty.recycler.batchFastThreadLocalOnly: true
2025-10-03T11:56:13.716+01:00 DEBUG 45327 --- [o4jDriverIO-2-1] o.n.d.o.n.b.c.n.i.a.c.HandshakeHandler   : [0x4a251097][localhost:7687][] S: [Bolt Handshake] 5.4
2025-10-03T11:56:13.722+01:00 DEBUG 45327 --- [o4jDriverIO-2-1] d.o.n.b.c.n.i.a.o.OutboundMessageHandler : [0x4a251097][localhost:7687][] C: HELLO {bolt_agent={product: "neo4j-java/5.28.9-a02447f64ff919ceeca350ae254f1114531a1c7a", language: "Java/21.0.7", language_details: "Oracle Corporation; Java HotSpot(TM) 64-Bit Server VM; 21.0.7+8-LTS-245", platform: "Mac OS X; 15.6.1; aarch64"}, user_agent="neo4j-java/5.28.9-a02447f64ff919ceeca350ae254f1114531a1c7a"}
2025-10-03T11:56:13.723+01:00 DEBUG 45327 --- [o4jDriverIO-2-1] d.o.n.b.c.n.i.a.o.OutboundMessageHandler : [0x4a251097][localhost:7687][] C: LOGON {principal="neo4j", scheme="basic", credentials="******"}
2025-10-03T11:56:13.730+01:00 DEBUG 45327 --- [o4jDriverIO-2-1] o.n.b.c.n.i.a.i.InboundMessageDispatcher : [0x4a251097][localhost:7687][] S: SUCCESS {server="Neo4j/5.15.0", connection_id="bolt-30186", hints={connection.recv_timeout_seconds: 120}}
2025-10-03T11:56:13.731+01:00 DEBUG 45327 --- [o4jDriverIO-2-1] o.n.b.c.n.i.a.i.InboundMessageDispatcher : [0x4a251097][localhost:7687][bolt-30186] S: SUCCESS {}
2025-10-03T11:56:13.738+01:00 DEBUG 45327 --- [o4jDriverIO-2-1] d.o.n.b.c.n.i.a.o.OutboundMessageHandler : [0x4a251097][localhost:7687][bolt-30186] C: RUN "MATCH (n) RETURN count(n) AS nodeCount" {} {}
2025-10-03T11:56:13.739+01:00 DEBUG 45327 --- [o4jDriverIO-2-1] d.o.n.b.c.n.i.a.o.OutboundMessageHandler : [0x4a251097][localhost:7687][bolt-30186] C: PULL {n=1000}
2025-10-03T11:56:13.740+01:00 DEBUG 45327 --- [o4jDriverIO-2-1] o.n.d.o.n.b.c.n.i.a.NetworkConnection    : Added ConnectionReadTimeoutHandler
2025-10-03T11:56:13.740+01:00 DEBUG 45327 --- [o4jDriverIO-2-1] o.n.d.o.n.b.c.n.impl.BoltConnectionImpl  : flushed
2025-10-03T11:56:13.746+01:00 DEBUG 45327 --- [o4jDriverIO-2-1] o.n.b.c.n.i.a.i.InboundMessageDispatcher : [0x4a251097][localhost:7687][bolt-30186] S: SUCCESS {fields=["nodeCount"], t_first=4}
2025-10-03T11:56:13.749+01:00 DEBUG 45327 --- [o4jDriverIO-2-1] o.n.b.c.n.i.a.i.InboundMessageDispatcher : [0x4a251097][localhost:7687][bolt-30186] S: RECORD [51]
2025-10-03T11:56:13.750+01:00 DEBUG 45327 --- [o4jDriverIO-2-1] o.n.b.c.n.i.a.i.InboundMessageDispatcher : [0x4a251097][localhost:7687][bolt-30186] S: SUCCESS {bookmark="FB:kcwQiC5Gf5PSSz+jXbT6Q1Y9H0aQ", type="r", t_last=1, db="neo4j"}
2025-10-03T11:56:13.750+01:00 DEBUG 45327 --- [o4jDriverIO-2-1] o.n.d.o.n.b.c.n.i.a.NetworkConnection    : Removed ConnectionReadTimeoutHandler
2025-10-03T11:56:13.753+01:00 DEBUG 45327 --- [o4jDriverIO-2-1] d.o.n.b.c.n.i.a.o.OutboundMessageHandler : [0x4a251097][localhost:7687][bolt-30186] C: RESET
2025-10-03T11:56:13.753+01:00 DEBUG 45327 --- [o4jDriverIO-2-1] o.n.d.o.n.b.c.n.i.a.NetworkConnection    : Added ConnectionReadTimeoutHandler
2025-10-03T11:56:13.753+01:00 DEBUG 45327 --- [o4jDriverIO-2-1] o.n.d.o.n.b.c.n.impl.BoltConnectionImpl  : flushed
2025-10-03T11:56:13.754+01:00 DEBUG 45327 --- [o4jDriverIO-2-1] o.n.b.c.n.i.a.i.InboundMessageDispatcher : [0x4a251097][localhost:7687][bolt-30186] S: SUCCESS {}
2025-10-03T11:56:13.754+01:00 DEBUG 45327 --- [o4jDriverIO-2-1] o.n.d.o.n.b.c.n.i.a.NetworkConnection    : Removed ConnectionReadTimeoutHandler
2025-10-03T11:56:13.755+01:00 DEBUG 45327 --- [o4jDriverIO-2-1] n.d.o.n.b.c.p.PooledBoltConnectionSource : Connection released to the pool.
Number of nodes in the database: 51
]]></system-out>
    <system-err><![CDATA[Mockito is currently self-attaching to enable the inline-mock-maker. This will no longer work in future releases of the JDK. Please add Mockito as an agent to your build as described in Mockito's documentation: https://javadoc.io/doc/org.mockito/mockito-core/latest/org.mockito/org/mockito/Mockito.html#0.3
WARNING: A Java agent has been loaded dynamically (/Users/chriswebster/.m2/repository/net/bytebuddy/byte-buddy-agent/1.17.7/byte-buddy-agent-1.17.7.jar)
WARNING: If a serviceability tool is in use, please run with -XX:+EnableDynamicAgentLoading to hide this warning
WARNING: If a serviceability tool is not in use, please run with -Djdk.instrument.traceUsage for more information
WARNING: Dynamic loading of agents will be disallowed by default in a future release
]]></system-err>
  </testcase>
</testsuite>